# JRE version: Java(TM) SE Runtime Environment (8.0_66-b18) (build 1.8.0_66-b18)
# Java VM: Java HotSpot(TM) 64-Bit Server VM (25.66-b18 mixed mode windows-amd64 compressed oops)
Heap:
 PSYoungGen      total 232960K, used 71214K [0x00000000eab00000, 0x0000000100000000, 0x0000000100000000)
  eden space 116736K, 32% used [0x00000000eab00000,0x00000000ed031d20,0x00000000f1d00000)
  from space 116224K, 28% used [0x00000000f1d00000,0x00000000f3d59e80,0x00000000f8e80000)
  to   space 116224K, 0% used [0x00000000f8e80000,0x00000000f8e80000,0x0000000100000000)
 ParOldGen       total 433664K, used 250769K [0x00000000c0000000, 0x00000000da780000, 0x00000000eab00000)
  object space 433664K, 57% used [0x00000000c0000000,0x00000000cf4e4730,0x00000000da780000)
 Metaspace       used 6516K, capacity 7192K, committed 7424K, reserved 1056768K
  class space    used 618K, capacity 656K, committed 768K, reserved 1048576K
GC Heap History (10 events):
Event: 85.616 GC heap before
{Heap before GC invocations=17 (full 3):
 PSYoungGen      total 240128K, used 52706K [0x00000000eab00000, 0x0000000100000000, 0x0000000100000000)
  eden space 187392K, 0% used [0x00000000eab00000,0x00000000eab00000,0x00000000f6200000)
  from space 52736K, 99% used [0x00000000fc280000,0x00000000ff5f8b90,0x00000000ff600000)
  to   space 80896K, 0% used [0x00000000f6200000,0x00000000f6200000,0x00000000fb100000)
 ParOldGen       total 169472K, used 169313K [0x00000000c0000000, 0x00000000ca580000, 0x00000000eab00000)
  object space 169472K, 99% used [0x00000000c0000000,0x00000000ca558700,0x00000000ca580000)
 Metaspace       used 6501K, capacity 7192K, committed 7424K, reserved 1056768K
  class space    used 618K, capacity 656K, committed 768K, reserved 1048576K
Event: 92.350 GC heap after
Heap after GC invocations=17 (full 3):
 PSYoungGen      total 240128K, used 49986K [0x00000000eab00000, 0x0000000100000000, 0x0000000100000000)
  eden space 187392K, 0% used [0x00000000eab00000,0x00000000eab00000,0x00000000f6200000)
  from space 52736K, 94% used [0x00000000fc280000,0x00000000ff3508e0,0x00000000ff600000)
  to   space 80896K, 0% used [0x00000000f6200000,0x00000000f6200000,0x00000000fb100000)
 ParOldGen       total 290304K, used 169388K [0x00000000c0000000, 0x00000000d1b80000, 0x00000000eab00000)
  object space 290304K, 58% used [0x00000000c0000000,0x00000000ca56b260,0x00000000d1b80000)
 Metaspace       used 6501K, capacity 7192K, committed 7424K, reserved 1056768K
  class space    used 618K, capacity 656K, committed 768K, reserved 1048576K
}
Event: 95.922 GC heap before
{Heap before GC invocations=18 (full 3):
 PSYoungGen      total 240128K, used 237378K [0x00000000eab00000, 0x0000000100000000, 0x0000000100000000)
  eden space 187392K, 100% used [0x00000000eab00000,0x00000000f6200000,0x00000000f6200000)
  from space 52736K, 94% used [0x00000000fc280000,0x00000000ff3508e0,0x00000000ff600000)
  to   space 80896K, 0% used [0x00000000f6200000,0x00000000f6200000,0x00000000fb100000)
 ParOldGen       total 290304K, used 169388K [0x00000000c0000000, 0x00000000d1b80000, 0x00000000eab00000)
  object space 290304K, 58% used [0x00000000c0000000,0x00000000ca56b260,0x00000000d1b80000)
 Metaspace       used 6502K, capacity 7192K, committed 7424K, reserved 1056768K
  class space    used 618K, capacity 656K, committed 768K, reserved 1048576K
Event: 96.658 GC heap after
Heap after GC invocations=18 (full 3):
 PSYoungGen      total 268288K, used 80893K [0x00000000eab00000, 0x0000000100000000, 0x0000000100000000)
  eden space 187392K, 0% used [0x00000000eab00000,0x00000000eab00000,0x00000000f6200000)
  from space 80896K, 99% used [0x00000000f6200000,0x00000000fb0ff5b8,0x00000000fb100000)
  to   space 80896K, 0% used [0x00000000fb100000,0x00000000fb100000,0x0000000100000000)
 ParOldGen       total 290304K, used 220563K [0x00000000c0000000, 0x00000000d1b80000, 0x00000000eab00000)
  object space 290304K, 75% used [0x00000000c0000000,0x00000000cd764f90,0x00000000d1b80000)
 Metaspace       used 6502K, capacity 7192K, committed 7424K, reserved 1056768K
  class space    used 618K, capacity 656K, committed 768K, reserved 1048576K
}
Event: 97.740 GC heap before
{Heap before GC invocations=19 (full 3):
 PSYoungGen      total 268288K, used 268285K [0x00000000eab00000, 0x0000000100000000, 0x0000000100000000)
  eden space 187392K, 100% used [0x00000000eab00000,0x00000000f6200000,0x00000000f6200000)
  from space 80896K, 99% used [0x00000000f6200000,0x00000000fb0ff5b8,0x00000000fb100000)
  to   space 80896K, 0% used [0x00000000fb100000,0x00000000fb100000,0x0000000100000000)
 ParOldGen       total 290304K, used 220563K [0x00000000c0000000, 0x00000000d1b80000, 0x00000000eab00000)
  object space 290304K, 75% used [0x00000000c0000000,0x00000000cd764f90,0x00000000d1b80000)
 Metaspace       used 6505K, capacity 7192K, committed 7424K, reserved 1056768K
  class space    used 618K, capacity 656K, committed 768K, reserved 1048576K
Event: 98.419 GC heap after
Heap after GC invocations=19 (full 3):
 PSYoungGen      total 197632K, used 80879K [0x00000000eab00000, 0x0000000100000000, 0x0000000100000000)
  eden space 116736K, 0% used [0x00000000eab00000,0x00000000eab00000,0x00000000f1d00000)
  from space 80896K, 99% used [0x00000000fb100000,0x00000000ffffbe90,0x0000000100000000)
  to   space 116224K, 0% used [0x00000000f1d00000,0x00000000f1d00000,0x00000000f8e80000)
 ParOldGen       total 301056K, used 300666K [0x00000000c0000000, 0x00000000d2600000, 0x00000000eab00000)
  object space 301056K, 99% used [0x00000000c0000000,0x00000000d259eb68,0x00000000d2600000)
 Metaspace       used 6505K, capacity 7192K, committed 7424K, reserved 1056768K
  class space    used 618K, capacity 656K, committed 768K, reserved 1048576K
}
Event: 98.419 GC heap before
{Heap before GC invocations=20 (full 4):
 PSYoungGen      total 197632K, used 80879K [0x00000000eab00000, 0x0000000100000000, 0x0000000100000000)
  eden space 116736K, 0% used [0x00000000eab00000,0x00000000eab00000,0x00000000f1d00000)
  from space 80896K, 99% used [0x00000000fb100000,0x00000000ffffbe90,0x0000000100000000)
  to   space 116224K, 0% used [0x00000000f1d00000,0x00000000f1d00000,0x00000000f8e80000)
 ParOldGen       total 301056K, used 300666K [0x00000000c0000000, 0x00000000d2600000, 0x00000000eab00000)
  object space 301056K, 99% used [0x00000000c0000000,0x00000000d259eb68,0x00000000d2600000)
 Metaspace       used 6505K, capacity 7192K, committed 7424K, reserved 1056768K
  class space    used 618K, capacity 656K, committed 768K, reserved 1048576K
Event: 103.763 GC heap after
Heap after GC invocations=20 (full 4):
 PSYoungGen      total 197632K, used 0K [0x00000000eab00000, 0x0000000100000000, 0x0000000100000000)
  eden space 116736K, 0% used [0x00000000eab00000,0x00000000eab00000,0x00000000f1d00000)
  from space 80896K, 0% used [0x00000000fb100000,0x00000000fb100000,0x0000000100000000)
  to   space 116224K, 0% used [0x00000000f1d00000,0x00000000f1d00000,0x00000000f8e80000)
 ParOldGen       total 433664K, used 250761K [0x00000000c0000000, 0x00000000da780000, 0x00000000eab00000)
  object space 433664K, 57% used [0x00000000c0000000,0x00000000cf4e2730,0x00000000da780000)
 Metaspace       used 6505K, capacity 7192K, committed 7424K, reserved 1056768K
  class space    used 618K, capacity 656K, committed 768K, reserved 1048576K
}
Event: 104.570 GC heap before
{Heap before GC invocations=21 (full 4):
 PSYoungGen      total 197632K, used 116736K [0x00000000eab00000, 0x0000000100000000, 0x0000000100000000)
  eden space 116736K, 100% used [0x00000000eab00000,0x00000000f1d00000,0x00000000f1d00000)
  from space 80896K, 0% used [0x00000000fb100000,0x00000000fb100000,0x0000000100000000)
  to   space 116224K, 0% used [0x00000000f1d00000,0x00000000f1d00000,0x00000000f8e80000)
 ParOldGen       total 433664K, used 250761K [0x00000000c0000000, 0x00000000da780000, 0x00000000eab00000)
  object space 433664K, 57% used [0x00000000c0000000,0x00000000cf4e2730,0x00000000da780000)
 Metaspace       used 6505K, capacity 7192K, committed 7424K, reserved 1056768K
  class space    used 618K, capacity 656K, committed 768K, reserved 1048576K
Event: 104.731 GC heap after
Heap after GC invocations=21 (full 4):
 PSYoungGen      total 232960K, used 33127K [0x00000000eab00000, 0x0000000100000000, 0x0000000100000000)
  eden space 116736K, 0% used [0x00000000eab00000,0x00000000eab00000,0x00000000f1d00000)
  from space 116224K, 28% used [0x00000000f1d00000,0x00000000f3d59e80,0x00000000f8e80000)
  to   space 116224K, 0% used [0x00000000f8e80000,0x00000000f8e80000,0x0000000100000000)
 ParOldGen       total 433664K, used 250769K [0x00000000c0000000, 0x00000000da780000, 0x00000000eab00000)
  object space 433664K, 57% used [0x00000000c0000000,0x00000000cf4e4730,0x00000000da780000)
 Metaspace       used 6505K, capacity 7192K, committed 7424K, reserved 1056768K
  class space    used 618K, capacity 656K, committed 768K, reserved 1048576K
}

