# JRE version: Java(TM) SE Runtime Environment (8.0_66-b18) (build 1.8.0_66-b18)
# Java VM: Java HotSpot(TM) 64-Bit Server VM (25.66-b18 mixed mode windows-amd64 compressed oops)
Heap:
 PSYoungGen      total 231936K, used 56962K [0x00000000eab00000, 0x00000000fff00000, 0x0000000100000000)
  eden space 116736K, 48% used [0x00000000eab00000,0x00000000ee2a0a38,0x00000000f1d00000)
  from space 115200K, 0% used [0x00000000f8e80000,0x00000000f8e80000,0x00000000fff00000)
  to   space 115712K, 0% used [0x00000000f1d00000,0x00000000f1d00000,0x00000000f8e00000)
 ParOldGen       total 517632K, used 272021K [0x00000000c0000000, 0x00000000df980000, 0x00000000eab00000)
  object space 517632K, 52% used [0x00000000c0000000,0x00000000d09a5720,0x00000000df980000)
 Metaspace       used 6511K, capacity 7192K, committed 7424K, reserved 1056768K
  class space    used 616K, capacity 656K, committed 768K, reserved 1048576K
GC Heap History (10 events):
Event: 78.600 GC heap before
{Heap before GC invocations=23 (full 5):
 PSYoungGen      total 232960K, used 116736K [0x00000000eab00000, 0x0000000100000000, 0x0000000100000000)
  eden space 116736K, 100% used [0x00000000eab00000,0x00000000f1d00000,0x00000000f1d00000)
  from space 116224K, 0% used [0x00000000f1d00000,0x00000000f1d00000,0x00000000f8e80000)
  to   space 116224K, 0% used [0x00000000f8e80000,0x00000000f8e80000,0x0000000100000000)
 ParOldGen       total 384000K, used 208983K [0x00000000c0000000, 0x00000000d7700000, 0x00000000eab00000)
  object space 384000K, 54% used [0x00000000c0000000,0x00000000ccc15ec8,0x00000000d7700000)
 Metaspace       used 6508K, capacity 7192K, committed 7424K, reserved 1056768K
  class space    used 616K, capacity 656K, committed 768K, reserved 1048576K
Event: 78.705 GC heap after
Heap after GC invocations=23 (full 5):
 PSYoungGen      total 232960K, used 55600K [0x00000000eab00000, 0x0000000100000000, 0x0000000100000000)
  eden space 116736K, 0% used [0x00000000eab00000,0x00000000eab00000,0x00000000f1d00000)
  from space 116224K, 47% used [0x00000000f8e80000,0x00000000fc4cc240,0x0000000100000000)
  to   space 116224K, 0% used [0x00000000f1d00000,0x00000000f1d00000,0x00000000f8e80000)
 ParOldGen       total 384000K, used 208991K [0x00000000c0000000, 0x00000000d7700000, 0x00000000eab00000)
  object space 384000K, 54% used [0x00000000c0000000,0x00000000ccc17ec8,0x00000000d7700000)
 Metaspace       used 6508K, capacity 7192K, committed 7424K, reserved 1056768K
  class space    used 616K, capacity 656K, committed 768K, reserved 1048576K
}
Event: 78.957 GC heap before
{Heap before GC invocations=24 (full 5):
 PSYoungGen      total 232960K, used 172336K [0x00000000eab00000, 0x0000000100000000, 0x0000000100000000)
  eden space 116736K, 100% used [0x00000000eab00000,0x00000000f1d00000,0x00000000f1d00000)
  from space 116224K, 47% used [0x00000000f8e80000,0x00000000fc4cc240,0x0000000100000000)
  to   space 116224K, 0% used [0x00000000f1d00000,0x00000000f1d00000,0x00000000f8e80000)
 ParOldGen       total 384000K, used 208991K [0x00000000c0000000, 0x00000000d7700000, 0x00000000eab00000)
  object space 384000K, 54% used [0x00000000c0000000,0x00000000ccc17ec8,0x00000000d7700000)
 Metaspace       used 6508K, capacity 7192K, committed 7424K, reserved 1056768K
  class space    used 616K, capacity 656K, committed 768K, reserved 1048576K
Event: 79.175 GC heap after
Heap after GC invocations=24 (full 5):
 PSYoungGen      total 232960K, used 65584K [0x00000000eab00000, 0x0000000100000000, 0x0000000100000000)
  eden space 116736K, 0% used [0x00000000eab00000,0x00000000eab00000,0x00000000f1d00000)
  from space 116224K, 56% used [0x00000000f1d00000,0x00000000f5d0c2d8,0x00000000f8e80000)
  to   space 116224K, 0% used [0x00000000f8e80000,0x00000000f8e80000,0x0000000100000000)
 ParOldGen       total 384000K, used 264159K [0x00000000c0000000, 0x00000000d7700000, 0x00000000eab00000)
  object space 384000K, 68% used [0x00000000c0000000,0x00000000d01f7ea0,0x00000000d7700000)
 Metaspace       used 6508K, capacity 7192K, committed 7424K, reserved 1056768K
  class space    used 616K, capacity 656K, committed 768K, reserved 1048576K
}
Event: 79.726 GC heap before
{Heap before GC invocations=25 (full 5):
 PSYoungGen      total 232960K, used 182320K [0x00000000eab00000, 0x0000000100000000, 0x0000000100000000)
  eden space 116736K, 100% used [0x00000000eab00000,0x00000000f1d00000,0x00000000f1d00000)
  from space 116224K, 56% used [0x00000000f1d00000,0x00000000f5d0c2d8,0x00000000f8e80000)
  to   space 116224K, 0% used [0x00000000f8e80000,0x00000000f8e80000,0x0000000100000000)
 ParOldGen       total 384000K, used 264159K [0x00000000c0000000, 0x00000000d7700000, 0x00000000eab00000)
  object space 384000K, 68% used [0x00000000c0000000,0x00000000d01f7ea0,0x00000000d7700000)
 Metaspace       used 6508K, capacity 7192K, committed 7424K, reserved 1056768K
  class space    used 616K, capacity 656K, committed 768K, reserved 1048576K
Event: 79.862 GC heap after
Heap after GC invocations=25 (full 5):
 PSYoungGen      total 231936K, used 45588K [0x00000000eab00000, 0x00000000fff00000, 0x0000000100000000)
  eden space 116736K, 0% used [0x00000000eab00000,0x00000000eab00000,0x00000000f1d00000)
  from space 115200K, 39% used [0x00000000f8e80000,0x00000000fbb05278,0x00000000fff00000)
  to   space 115712K, 0% used [0x00000000f1d00000,0x00000000f1d00000,0x00000000f8e00000)
 ParOldGen       total 384000K, used 331533K [0x00000000c0000000, 0x00000000d7700000, 0x00000000eab00000)
  object space 384000K, 86% used [0x00000000c0000000,0x00000000d43c3578,0x00000000d7700000)
 Metaspace       used 6508K, capacity 7192K, committed 7424K, reserved 1056768K
  class space    used 616K, capacity 656K, committed 768K, reserved 1048576K
}
Event: 79.862 GC heap before
{Heap before GC invocations=26 (full 6):
 PSYoungGen      total 231936K, used 45588K [0x00000000eab00000, 0x00000000fff00000, 0x0000000100000000)
  eden space 116736K, 0% used [0x00000000eab00000,0x00000000eab00000,0x00000000f1d00000)
  from space 115200K, 39% used [0x00000000f8e80000,0x00000000fbb05278,0x00000000fff00000)
  to   space 115712K, 0% used [0x00000000f1d00000,0x00000000f1d00000,0x00000000f8e00000)
 ParOldGen       total 384000K, used 331533K [0x00000000c0000000, 0x00000000d7700000, 0x00000000eab00000)
  object space 384000K, 86% used [0x00000000c0000000,0x00000000d43c3578,0x00000000d7700000)
 Metaspace       used 6508K, capacity 7192K, committed 7424K, reserved 1056768K
  class space    used 616K, capacity 656K, committed 768K, reserved 1048576K
Event: 82.049 GC heap after
Heap after GC invocations=26 (full 6):
 PSYoungGen      total 231936K, used 0K [0x00000000eab00000, 0x00000000fff00000, 0x0000000100000000)
  eden space 116736K, 0% used [0x00000000eab00000,0x00000000eab00000,0x00000000f1d00000)
  from space 115200K, 0% used [0x00000000f8e80000,0x00000000f8e80000,0x00000000fff00000)
  to   space 115712K, 0% used [0x00000000f1d00000,0x00000000f1d00000,0x00000000f8e00000)
 ParOldGen       total 384000K, used 364226K [0x00000000c0000000, 0x00000000d7700000, 0x00000000eab00000)
  object space 384000K, 94% used [0x00000000c0000000,0x00000000d63b0960,0x00000000d7700000)
 Metaspace       used 6508K, capacity 7192K, committed 7424K, reserved 1056768K
  class space    used 616K, capacity 656K, committed 768K, reserved 1048576K
}
Event: 82.541 GC heap before
{Heap before GC invocations=27 (full 7):
 PSYoungGen      total 231936K, used 116736K [0x00000000eab00000, 0x00000000fff00000, 0x0000000100000000)
  eden space 116736K, 100% used [0x00000000eab00000,0x00000000f1d00000,0x00000000f1d00000)
  from space 115200K, 0% used [0x00000000f8e80000,0x00000000f8e80000,0x00000000fff00000)
  to   space 115712K, 0% used [0x00000000f1d00000,0x00000000f1d00000,0x00000000f8e00000)
 ParOldGen       total 384000K, used 364226K [0x00000000c0000000, 0x00000000d7700000, 0x00000000eab00000)
  object space 384000K, 94% used [0x00000000c0000000,0x00000000d63b0960,0x00000000d7700000)
 Metaspace       used 6508K, capacity 7192K, committed 7424K, reserved 1056768K
  class space    used 616K, capacity 656K, committed 768K, reserved 1048576K
Event: 84.287 GC heap after
Heap after GC invocations=27 (full 7):
 PSYoungGen      total 231936K, used 0K [0x00000000eab00000, 0x00000000fff00000, 0x0000000100000000)
  eden space 116736K, 0% used [0x00000000eab00000,0x00000000eab00000,0x00000000f1d00000)
  from space 115200K, 0% used [0x00000000f8e80000,0x00000000f8e80000,0x00000000fff00000)
  to   space 115712K, 0% used [0x00000000f1d00000,0x00000000f1d00000,0x00000000f8e00000)
 ParOldGen       total 517632K, used 272021K [0x00000000c0000000, 0x00000000df980000, 0x00000000eab00000)
  object space 517632K, 52% used [0x00000000c0000000,0x00000000d09a5720,0x00000000df980000)
 Metaspace       used 6508K, capacity 7192K, committed 7424K, reserved 1056768K
  class space    used 616K, capacity 656K, committed 768K, reserved 1048576K
}

