# JRE version: Java(TM) SE Runtime Environment (8.0_66-b18) (build 1.8.0_66-b18)
# Java VM: Java HotSpot(TM) 64-Bit Server VM (25.66-b18 mixed mode windows-amd64 compressed oops)
Heap:
 PSYoungGen      total 264704K, used 202157K [0x00000000eab00000, 0x00000000fe280000, 0x0000000100000000)
  eden space 219648K, 92% used [0x00000000eab00000,0x00000000f706b450,0x00000000f8180000)
  from space 45056K, 0% used [0x00000000f8500000,0x00000000f8500000,0x00000000fb100000)
  to   space 49664K, 0% used [0x00000000fb200000,0x00000000fb200000,0x00000000fe280000)
 ParOldGen       total 150528K, used 150465K [0x00000000c0000000, 0x00000000c9300000, 0x00000000eab00000)
  object space 150528K, 99% used [0x00000000c0000000,0x00000000c92f04b8,0x00000000c9300000)
 Metaspace       used 6486K, capacity 7192K, committed 7424K, reserved 1056768K
  class space    used 618K, capacity 656K, committed 768K, reserved 1048576K
GC Heap History (10 events):
Event: 86.873 GC heap before
{Heap before GC invocations=13 (full 2):
 PSYoungGen      total 226304K, used 28545K [0x00000000eab00000, 0x00000000fdd00000, 0x0000000100000000)
  eden space 192000K, 0% used [0x00000000eab00000,0x00000000eab00000,0x00000000f6680000)
  from space 34304K, 83% used [0x00000000f6680000,0x00000000f8260780,0x00000000f8800000)
  to   space 38400K, 0% used [0x00000000fb780000,0x00000000fb780000,0x00000000fdd00000)
 ParOldGen       total 82944K, used 65089K [0x00000000c0000000, 0x00000000c5100000, 0x00000000eab00000)
  object space 82944K, 78% used [0x00000000c0000000,0x00000000c3f905d0,0x00000000c5100000)
 Metaspace       used 6441K, capacity 7192K, committed 7424K, reserved 1056768K
  class space    used 615K, capacity 656K, committed 768K, reserved 1048576K
Event: 96.407 GC heap after
Heap after GC invocations=13 (full 2):
 PSYoungGen      total 226304K, used 10505K [0x00000000eab00000, 0x00000000fdd00000, 0x0000000100000000)
  eden space 192000K, 0% used [0x00000000eab00000,0x00000000eab00000,0x00000000f6680000)
  from space 34304K, 30% used [0x00000000f6680000,0x00000000f70c27b0,0x00000000f8800000)
  to   space 38400K, 0% used [0x00000000fb780000,0x00000000fb780000,0x00000000fdd00000)
 ParOldGen       total 150528K, used 82592K [0x00000000c0000000, 0x00000000c9300000, 0x00000000eab00000)
  object space 150528K, 54% used [0x00000000c0000000,0x00000000c50a83f8,0x00000000c9300000)
 Metaspace       used 6441K, capacity 7192K, committed 7424K, reserved 1056768K
  class space    used 615K, capacity 656K, committed 768K, reserved 1048576K
}
Event: 106.540 GC heap before
{Heap before GC invocations=14 (full 2):
 PSYoungGen      total 226304K, used 202505K [0x00000000eab00000, 0x00000000fdd00000, 0x0000000100000000)
  eden space 192000K, 100% used [0x00000000eab00000,0x00000000f6680000,0x00000000f6680000)
  from space 34304K, 30% used [0x00000000f6680000,0x00000000f70c27b0,0x00000000f8800000)
  to   space 38400K, 0% used [0x00000000fb780000,0x00000000fb780000,0x00000000fdd00000)
 ParOldGen       total 150528K, used 82592K [0x00000000c0000000, 0x00000000c9300000, 0x00000000eab00000)
  object space 150528K, 54% used [0x00000000c0000000,0x00000000c50a83f8,0x00000000c9300000)
 Metaspace       used 6467K, capacity 7192K, committed 7424K, reserved 1056768K
  class space    used 616K, capacity 656K, committed 768K, reserved 1048576K
Event: 106.869 GC heap after
Heap after GC invocations=14 (full 2):
 PSYoungGen      total 244224K, used 38372K [0x00000000eab00000, 0x00000000fdd00000, 0x0000000100000000)
  eden space 205824K, 0% used [0x00000000eab00000,0x00000000eab00000,0x00000000f7400000)
  from space 38400K, 99% used [0x00000000fb780000,0x00000000fdcf9238,0x00000000fdd00000)
  to   space 45056K, 0% used [0x00000000f8500000,0x00000000f8500000,0x00000000fb100000)
 ParOldGen       total 150528K, used 83704K [0x00000000c0000000, 0x00000000c9300000, 0x00000000eab00000)
  object space 150528K, 55% used [0x00000000c0000000,0x00000000c51be0d8,0x00000000c9300000)
 Metaspace       used 6467K, capacity 7192K, committed 7424K, reserved 1056768K
  class space    used 616K, capacity 656K, committed 768K, reserved 1048576K
}
Event: 115.510 GC heap before
{Heap before GC invocations=15 (full 2):
 PSYoungGen      total 244224K, used 244196K [0x00000000eab00000, 0x00000000fdd00000, 0x0000000100000000)
  eden space 205824K, 100% used [0x00000000eab00000,0x00000000f7400000,0x00000000f7400000)
  from space 38400K, 99% used [0x00000000fb780000,0x00000000fdcf9238,0x00000000fdd00000)
  to   space 45056K, 0% used [0x00000000f8500000,0x00000000f8500000,0x00000000fb100000)
 ParOldGen       total 150528K, used 83704K [0x00000000c0000000, 0x00000000c9300000, 0x00000000eab00000)
  object space 150528K, 55% used [0x00000000c0000000,0x00000000c51be0d8,0x00000000c9300000)
 Metaspace       used 6476K, capacity 7192K, committed 7424K, reserved 1056768K
  class space    used 617K, capacity 656K, committed 768K, reserved 1048576K
Event: 115.775 GC heap after
Heap after GC invocations=15 (full 2):
 PSYoungGen      total 264704K, used 35482K [0x00000000eab00000, 0x00000000fe280000, 0x0000000100000000)
  eden space 219648K, 0% used [0x00000000eab00000,0x00000000eab00000,0x00000000f8180000)
  from space 45056K, 78% used [0x00000000f8500000,0x00000000fa7a6898,0x00000000fb100000)
  to   space 49664K, 0% used [0x00000000fb200000,0x00000000fb200000,0x00000000fe280000)
 ParOldGen       total 150528K, used 122183K [0x00000000c0000000, 0x00000000c9300000, 0x00000000eab00000)
  object space 150528K, 81% used [0x00000000c0000000,0x00000000c7751f58,0x00000000c9300000)
 Metaspace       used 6476K, capacity 7192K, committed 7424K, reserved 1056768K
  class space    used 617K, capacity 656K, committed 768K, reserved 1048576K
}
Event: 115.775 GC heap before
{Heap before GC invocations=16 (full 3):
 PSYoungGen      total 264704K, used 35482K [0x00000000eab00000, 0x00000000fe280000, 0x0000000100000000)
  eden space 219648K, 0% used [0x00000000eab00000,0x00000000eab00000,0x00000000f8180000)
  from space 45056K, 78% used [0x00000000f8500000,0x00000000fa7a6898,0x00000000fb100000)
  to   space 49664K, 0% used [0x00000000fb200000,0x00000000fb200000,0x00000000fe280000)
 ParOldGen       total 150528K, used 122183K [0x00000000c0000000, 0x00000000c9300000, 0x00000000eab00000)
  object space 150528K, 81% used [0x00000000c0000000,0x00000000c7751f58,0x00000000c9300000)
 Metaspace       used 6476K, capacity 7192K, committed 7424K, reserved 1056768K
  class space    used 617K, capacity 656K, committed 768K, reserved 1048576K
Event: 117.898 GC heap after
Heap after GC invocations=16 (full 3):
 PSYoungGen      total 264704K, used 5165K [0x00000000eab00000, 0x00000000fe280000, 0x0000000100000000)
  eden space 219648K, 0% used [0x00000000eab00000,0x00000000eab00000,0x00000000f8180000)
  from space 45056K, 11% used [0x00000000f8500000,0x00000000f8a0b578,0x00000000fb100000)
  to   space 49664K, 0% used [0x00000000fb200000,0x00000000fb200000,0x00000000fe280000)
 ParOldGen       total 150528K, used 150345K [0x00000000c0000000, 0x00000000c9300000, 0x00000000eab00000)
  object space 150528K, 99% used [0x00000000c0000000,0x00000000c92d27e8,0x00000000c9300000)
 Metaspace       used 6476K, capacity 7192K, committed 7424K, reserved 1056768K
  class space    used 617K, capacity 656K, committed 768K, reserved 1048576K
}
Event: 127.555 GC heap before
{Heap before GC invocations=17 (full 4):
 PSYoungGen      total 264704K, used 224813K [0x00000000eab00000, 0x00000000fe280000, 0x0000000100000000)
  eden space 219648K, 100% used [0x00000000eab00000,0x00000000f8180000,0x00000000f8180000)
  from space 45056K, 11% used [0x00000000f8500000,0x00000000f8a0b578,0x00000000fb100000)
  to   space 49664K, 0% used [0x00000000fb200000,0x00000000fb200000,0x00000000fe280000)
 ParOldGen       total 150528K, used 150345K [0x00000000c0000000, 0x00000000c9300000, 0x00000000eab00000)
  object space 150528K, 99% used [0x00000000c0000000,0x00000000c92d27e8,0x00000000c9300000)
 Metaspace       used 6478K, capacity 7192K, committed 7424K, reserved 1056768K
  class space    used 617K, capacity 656K, committed 768K, reserved 1048576K
Event: 135.622 GC heap after
Heap after GC invocations=17 (full 4):
 PSYoungGen      total 264704K, used 101267K [0x00000000eab00000, 0x00000000fe280000, 0x0000000100000000)
  eden space 219648K, 46% used [0x00000000eab00000,0x00000000f0de4ca0,0x00000000f8180000)
  from space 45056K, 0% used [0x00000000f8500000,0x00000000f8500000,0x00000000fb100000)
  to   space 49664K, 0% used [0x00000000fb200000,0x00000000fb200000,0x00000000fe280000)
 ParOldGen       total 150528K, used 150465K [0x00000000c0000000, 0x00000000c9300000, 0x00000000eab00000)
  object space 150528K, 99% used [0x00000000c0000000,0x00000000c92f04b8,0x00000000c9300000)
 Metaspace       used 6478K, capacity 7192K, committed 7424K, reserved 1056768K
  class space    used 617K, capacity 656K, committed 768K, reserved 1048576K
}

