# JRE version: Java(TM) SE Runtime Environment (8.0_66-b18) (build 1.8.0_66-b18)
# Java VM: Java HotSpot(TM) 64-Bit Server VM (25.66-b18 mixed mode windows-amd64 compressed oops)
Heap:
 PSYoungGen      total 190976K, used 84995K [0x00000000eab00000, 0x0000000100000000, 0x0000000100000000)
  eden space 116736K, 72% used [0x00000000eab00000,0x00000000efe00d48,0x00000000f1d00000)
  from space 74240K, 0% used [0x00000000fb780000,0x00000000fb780000,0x0000000100000000)
  to   space 116224K, 0% used [0x00000000f1d00000,0x00000000f1d00000,0x00000000f8e80000)
 ParOldGen       total 411136K, used 231710K [0x00000000c0000000, 0x00000000d9180000, 0x00000000eab00000)
  object space 411136K, 56% used [0x00000000c0000000,0x00000000ce247ac8,0x00000000d9180000)
 Metaspace       used 6492K, capacity 7192K, committed 7424K, reserved 1056768K
  class space    used 618K, capacity 656K, committed 768K, reserved 1048576K
GC Heap History (10 events):
Event: 88.210 GC heap before
{Heap before GC invocations=14 (full 3):
 PSYoungGen      total 244224K, used 214016K [0x00000000eab00000, 0x00000000fcf00000, 0x0000000100000000)
  eden space 214016K, 100% used [0x00000000eab00000,0x00000000f7c00000,0x00000000f7c00000)
  from space 30208K, 0% used [0x00000000f9a00000,0x00000000f9a00000,0x00000000fb780000)
  to   space 24064K, 0% used [0x00000000fb780000,0x00000000fb780000,0x00000000fcf00000)
 ParOldGen       total 235520K, used 152966K [0x00000000c0000000, 0x00000000ce600000, 0x00000000eab00000)
  object space 235520K, 64% used [0x00000000c0000000,0x00000000c9561be0,0x00000000ce600000)
 Metaspace       used 6473K, capacity 7192K, committed 7424K, reserved 1056768K
  class space    used 617K, capacity 656K, committed 768K, reserved 1048576K
Event: 88.560 GC heap after
Heap after GC invocations=14 (full 3):
 PSYoungGen      total 230912K, used 24039K [0x00000000eab00000, 0x0000000100000000, 0x0000000100000000)
  eden space 206848K, 0% used [0x00000000eab00000,0x00000000eab00000,0x00000000f7500000)
  from space 24064K, 99% used [0x00000000fb780000,0x00000000fcef9fc0,0x00000000fcf00000)
  to   space 68096K, 0% used [0x00000000f7500000,0x00000000f7500000,0x00000000fb780000)
 ParOldGen       total 235520K, used 220450K [0x00000000c0000000, 0x00000000ce600000, 0x00000000eab00000)
  object space 235520K, 93% used [0x00000000c0000000,0x00000000cd748838,0x00000000ce600000)
 Metaspace       used 6473K, capacity 7192K, committed 7424K, reserved 1056768K
  class space    used 617K, capacity 656K, committed 768K, reserved 1048576K
}
Event: 88.561 GC heap before
{Heap before GC invocations=15 (full 4):
 PSYoungGen      total 230912K, used 24039K [0x00000000eab00000, 0x0000000100000000, 0x0000000100000000)
  eden space 206848K, 0% used [0x00000000eab00000,0x00000000eab00000,0x00000000f7500000)
  from space 24064K, 99% used [0x00000000fb780000,0x00000000fcef9fc0,0x00000000fcf00000)
  to   space 68096K, 0% used [0x00000000f7500000,0x00000000f7500000,0x00000000fb780000)
 ParOldGen       total 235520K, used 220450K [0x00000000c0000000, 0x00000000ce600000, 0x00000000eab00000)
  object space 235520K, 93% used [0x00000000c0000000,0x00000000cd748838,0x00000000ce600000)
 Metaspace       used 6473K, capacity 7192K, committed 7424K, reserved 1056768K
  class space    used 617K, capacity 656K, committed 768K, reserved 1048576K
Event: 91.719 GC heap after
Heap after GC invocations=15 (full 4):
 PSYoungGen      total 230912K, used 3550K [0x00000000eab00000, 0x0000000100000000, 0x0000000100000000)
  eden space 206848K, 0% used [0x00000000eab00000,0x00000000eab00000,0x00000000f7500000)
  from space 24064K, 14% used [0x00000000fb780000,0x00000000fbaf7810,0x00000000fcf00000)
  to   space 68096K, 0% used [0x00000000f7500000,0x00000000f7500000,0x00000000fb780000)
 ParOldGen       total 369152K, used 235202K [0x00000000c0000000, 0x00000000d6880000, 0x00000000eab00000)
  object space 369152K, 63% used [0x00000000c0000000,0x00000000ce5b0928,0x00000000d6880000)
 Metaspace       used 6473K, capacity 7192K, committed 7424K, reserved 1056768K
  class space    used 617K, capacity 656K, committed 768K, reserved 1048576K
}
Event: 94.667 GC heap before
{Heap before GC invocations=16 (full 4):
 PSYoungGen      total 230912K, used 210398K [0x00000000eab00000, 0x0000000100000000, 0x0000000100000000)
  eden space 206848K, 100% used [0x00000000eab00000,0x00000000f7500000,0x00000000f7500000)
  from space 24064K, 14% used [0x00000000fb780000,0x00000000fbaf7810,0x00000000fcf00000)
  to   space 68096K, 0% used [0x00000000f7500000,0x00000000f7500000,0x00000000fb780000)
 ParOldGen       total 369152K, used 235202K [0x00000000c0000000, 0x00000000d6880000, 0x00000000eab00000)
  object space 369152K, 63% used [0x00000000c0000000,0x00000000ce5b0928,0x00000000d6880000)
 Metaspace       used 6482K, capacity 7192K, committed 7424K, reserved 1056768K
  class space    used 618K, capacity 656K, committed 768K, reserved 1048576K
Event: 95.175 GC heap after
Heap after GC invocations=16 (full 4):
 PSYoungGen      total 274944K, used 68079K [0x00000000eab00000, 0x0000000100000000, 0x0000000100000000)
  eden space 206848K, 0% used [0x00000000eab00000,0x00000000eab00000,0x00000000f7500000)
  from space 68096K, 99% used [0x00000000f7500000,0x00000000fb77be40,0x00000000fb780000)
  to   space 74240K, 0% used [0x00000000fb780000,0x00000000fb780000,0x0000000100000000)
 ParOldGen       total 369152K, used 267818K [0x00000000c0000000, 0x00000000d6880000, 0x00000000eab00000)
  object space 369152K, 72% used [0x00000000c0000000,0x00000000d058a938,0x00000000d6880000)
 Metaspace       used 6482K, capacity 7192K, committed 7424K, reserved 1056768K
  class space    used 618K, capacity 656K, committed 768K, reserved 1048576K
}
Event: 98.703 GC heap before
{Heap before GC invocations=17 (full 4):
 PSYoungGen      total 274944K, used 274927K [0x00000000eab00000, 0x0000000100000000, 0x0000000100000000)
  eden space 206848K, 100% used [0x00000000eab00000,0x00000000f7500000,0x00000000f7500000)
  from space 68096K, 99% used [0x00000000f7500000,0x00000000fb77be40,0x00000000fb780000)
  to   space 74240K, 0% used [0x00000000fb780000,0x00000000fb780000,0x0000000100000000)
 ParOldGen       total 369152K, used 267818K [0x00000000c0000000, 0x00000000d6880000, 0x00000000eab00000)
  object space 369152K, 72% used [0x00000000c0000000,0x00000000d058a938,0x00000000d6880000)
 Metaspace       used 6485K, capacity 7192K, committed 7424K, reserved 1056768K
  class space    used 618K, capacity 656K, committed 768K, reserved 1048576K
Event: 99.825 GC heap after
Heap after GC invocations=17 (full 4):
 PSYoungGen      total 190976K, used 74208K [0x00000000eab00000, 0x0000000100000000, 0x0000000100000000)
  eden space 116736K, 0% used [0x00000000eab00000,0x00000000eab00000,0x00000000f1d00000)
  from space 74240K, 99% used [0x00000000fb780000,0x00000000ffff8100,0x0000000100000000)
  to   space 116224K, 0% used [0x00000000f1d00000,0x00000000f1d00000,0x00000000f8e80000)
 ParOldGen       total 369152K, used 329555K [0x00000000c0000000, 0x00000000d6880000, 0x00000000eab00000)
  object space 369152K, 89% used [0x00000000c0000000,0x00000000d41d4f70,0x00000000d6880000)
 Metaspace       used 6485K, capacity 7192K, committed 7424K, reserved 1056768K
  class space    used 618K, capacity 656K, committed 768K, reserved 1048576K
}
Event: 99.825 GC heap before
{Heap before GC invocations=18 (full 5):
 PSYoungGen      total 190976K, used 74208K [0x00000000eab00000, 0x0000000100000000, 0x0000000100000000)
  eden space 116736K, 0% used [0x00000000eab00000,0x00000000eab00000,0x00000000f1d00000)
  from space 74240K, 99% used [0x00000000fb780000,0x00000000ffff8100,0x0000000100000000)
  to   space 116224K, 0% used [0x00000000f1d00000,0x00000000f1d00000,0x00000000f8e80000)
 ParOldGen       total 369152K, used 329555K [0x00000000c0000000, 0x00000000d6880000, 0x00000000eab00000)
  object space 369152K, 89% used [0x00000000c0000000,0x00000000d41d4f70,0x00000000d6880000)
 Metaspace       used 6485K, capacity 7192K, committed 7424K, reserved 1056768K
  class space    used 618K, capacity 656K, committed 768K, reserved 1048576K
Event: 106.209 GC heap after
Heap after GC invocations=18 (full 5):
 PSYoungGen      total 190976K, used 0K [0x00000000eab00000, 0x0000000100000000, 0x0000000100000000)
  eden space 116736K, 0% used [0x00000000eab00000,0x00000000eab00000,0x00000000f1d00000)
  from space 74240K, 0% used [0x00000000fb780000,0x00000000fb780000,0x0000000100000000)
  to   space 116224K, 0% used [0x00000000f1d00000,0x00000000f1d00000,0x00000000f8e80000)
 ParOldGen       total 411136K, used 231710K [0x00000000c0000000, 0x00000000d9180000, 0x00000000eab00000)
  object space 411136K, 56% used [0x00000000c0000000,0x00000000ce247ac8,0x00000000d9180000)
 Metaspace       used 6485K, capacity 7192K, committed 7424K, reserved 1056768K
  class space    used 618K, capacity 656K, committed 768K, reserved 1048576K
}

